{"src/interfaces/IRouter.sol":{"l":{},"path":"/Users/nemitariajienka/Desktop/projects/onlysubs-solidity/src/interfaces/IRouter.sol","s":{},"b":{},"f":{},"fnMap":{},"statementMap":{},"branchMap":{}},"src/interfaces/ISignatureScheme.sol":{"l":{},"path":"/Users/nemitariajienka/Desktop/projects/onlysubs-solidity/src/interfaces/ISignatureScheme.sol","s":{},"b":{},"f":{},"fnMap":{},"statementMap":{},"branchMap":{}},"src/libraries/BLS.sol":{"l":{"83":0,"84":0,"86":0,"99":0,"100":0,"101":0,"102":0,"103":0,"104":0,"106":0,"110":0,"122":0,"123":0,"124":0,"125":0,"126":0,"127":0,"130":0,"135":0,"136":0,"137":0,"138":0,"139":0,"140":0,"143":0,"157":1,"172":1,"173":1,"176":1,"185":0,"187":0,"188":0,"191":0,"205":0,"219":0,"220":0,"223":0,"231":12,"232":12,"233":12,"234":12,"235":12,"236":12,"237":12,"238":12,"239":12,"241":12,"244":12,"245":12,"246":12,"252":0,"253":0,"255":0,"262":0,"263":0,"265":0,"272":0,"273":0,"287":0,"288":0,"324":0,"325":0,"327":0,"333":0,"334":0,"336":0,"341":2,"343":2,"344":2,"346":2,"351":2,"356":6,"357":6,"358":6,"360":6,"365":6,"370":1,"372":1,"373":1,"374":1,"375":1,"377":1,"384":1,"388":1,"389":1,"390":1,"391":1,"392":1,"394":1,"401":1,"407":24,"408":24,"414":24,"421":12,"422":12,"423":12,"424":12,"425":12,"427":12,"439":12,"443":0,"444":0,"445":0,"446":0,"448":0,"455":0,"464":0,"465":0,"466":0,"468":0,"469":0,"470":0,"472":0,"473":0,"474":0,"475":0,"476":0,"477":0,"478":0,"483":0,"485":0,"490":0,"498":12,"499":12,"500":0,"502":12,"503":12,"504":12,"506":12,"507":12,"509":12,"510":12,"511":12,"512":24,"513":24,"518":24,"520":12,"525":12,"532":24,"534":24,"535":24,"536":24,"537":24,"538":24,"539":24,"540":24,"541":24,"542":24,"543":24,"545":24,"546":24,"547":24,"548":14,"549":14,"550":14,"551":14,"553":8,"554":8,"555":8,"556":8,"558":2,"559":2,"560":2,"561":2,"563":24,"564":18,"570":58,"575":48,"582":34,"583":34,"584":12,"586":22,"587":0,"589":22,"594":34,"595":34,"596":34,"621":34,"622":0},"path":"/Users/nemitariajienka/Desktop/projects/onlysubs-solidity/src/libraries/BLS.sol","s":{"1":0,"2":0,"3":0,"4":0,"5":0,"6":0,"7":0,"8":0,"9":0,"10":0,"11":0,"12":0,"13":1,"14":1,"15":1,"16":0,"17":0,"18":0,"19":0,"20":0,"21":0,"22":12,"23":12,"24":12,"25":12,"26":12,"27":12,"28":12,"29":0,"30":0,"31":0,"32":0,"33":0,"34":0,"35":0,"36":0,"37":0,"38":0,"39":0,"40":0,"41":0,"42":0,"43":2,"44":2,"45":2,"46":2,"47":6,"48":6,"49":6,"50":6,"51":1,"52":1,"53":1,"54":1,"55":1,"56":1,"57":1,"58":1,"59":1,"60":1,"61":1,"62":1,"63":24,"64":12,"65":12,"66":12,"67":12,"68":12,"69":12,"70":0,"71":0,"72":0,"73":0,"74":0,"75":0,"76":0,"77":0,"78":0,"79":0,"80":0,"81":0,"82":0,"83":0,"84":0,"85":0,"86":12,"87":12,"88":12,"89":12,"90":12,"91":12,"92":12,"93":12,"94":12,"95":12,"96":12,"97":24,"98":24,"99":24,"100":24,"101":24,"102":24,"103":24,"104":24,"105":24,"106":24,"107":24,"108":24,"109":24,"110":14,"111":10,"112":8,"113":2,"114":24,"115":58,"116":48,"117":34,"118":34,"119":12,"120":22,"121":22,"122":34,"123":34,"124":34},"b":{"1":[0,0],"2":[0,0],"3":[0,0],"4":[0,0],"5":[0,12],"6":[0,0],"7":[0,0],"8":[0,0],"9":[0,0],"10":[0,0],"11":[0,0],"12":[0,0],"13":[0,0],"14":[0,0],"15":[0,0],"16":[0,0],"17":[0,0],"18":[2,0],"19":[1,0],"20":[0,0],"21":[0,12],"22":[0,24],"23":[14,10],"24":[0,14],"25":[8,2],"26":[0,8],"27":[0,2],"28":[18,6],"29":[12,22],"30":[0,22],"31":[0,34]},"f":{"1":0,"2":0,"3":0,"4":0,"5":1,"6":0,"7":0,"8":12,"9":0,"10":0,"11":0,"12":0,"13":0,"14":0,"15":2,"16":6,"17":1,"18":1,"19":24,"20":24,"21":12,"22":0,"23":0,"24":12,"25":24,"26":58,"27":48,"28":34,"29":34},"fnMap":{"1":{"name":"negate","line":81,"loc":{"start":{"line":81,"column":4},"end":{"line":88,"column":4}}},"2":{"name":"addG1Points","line":98,"loc":{"start":{"line":98,"column":4},"end":{"line":111,"column":4}}},"3":{"name":"scalarMulG1Point","line":121,"loc":{"start":{"line":121,"column":4},"end":{"line":131,"column":4}}},"4":{"name":"scalarMulG1Base","line":134,"loc":{"start":{"line":134,"column":4},"end":{"line":144,"column":4}}},"5":{"name":"verifySingle","line":152,"loc":{"start":{"line":152,"column":4},"end":{"line":177,"column":4}}},"6":{"name":"verifyEqualityG1G2","line":180,"loc":{"start":{"line":180,"column":4},"end":{"line":192,"column":4}}},"7":{"name":"verifySingleG2","line":200,"loc":{"start":{"line":200,"column":4},"end":{"line":224,"column":4}}},"8":{"name":"hashToPoint","line":230,"loc":{"start":{"line":230,"column":4},"end":{"line":247,"column":4}}},"9":{"name":"isValidPointG1","line":251,"loc":{"start":{"line":251,"column":4},"end":{"line":257,"column":4}}},"10":{"name":"isValidPointG2","line":261,"loc":{"start":{"line":261,"column":4},"end":{"line":267,"column":4}}},"11":{"name":"isOnCurveG1","line":271,"loc":{"start":{"line":271,"column":4},"end":{"line":282,"column":4}}},"12":{"name":"isOnCurveG2","line":286,"loc":{"start":{"line":286,"column":4},"end":{"line":319,"column":4}}},"13":{"name":"isValidSignature","line":323,"loc":{"start":{"line":323,"column":4},"end":{"line":328,"column":4}}},"14":{"name":"isValidPublicKey","line":332,"loc":{"start":{"line":332,"column":4},"end":{"line":337,"column":4}}},"15":{"name":"g1Unmarshal","line":340,"loc":{"start":{"line":340,"column":4},"end":{"line":352,"column":4}}},"16":{"name":"g1Marshal","line":355,"loc":{"start":{"line":355,"column":4},"end":{"line":366,"column":4}}},"17":{"name":"g2Unmarshal","line":369,"loc":{"start":{"line":369,"column":4},"end":{"line":385,"column":4}}},"18":{"name":"g2Marshal","line":387,"loc":{"start":{"line":387,"column":4},"end":{"line":402,"column":4}}},"19":{"name":"sqrt","line":406,"loc":{"start":{"line":406,"column":4},"end":{"line":409,"column":4}}},"20":{"name":"inverse","line":413,"loc":{"start":{"line":413,"column":4},"end":{"line":415,"column":4}}},"21":{"name":"hashToField","line":420,"loc":{"start":{"line":420,"column":4},"end":{"line":440,"column":4}}},"22":{"name":"hashToFieldSingle","line":442,"loc":{"start":{"line":442,"column":4},"end":{"line":456,"column":4}}},"23":{"name":"expandMsg","line":463,"loc":{"start":{"line":463,"column":4},"end":{"line":491,"column":4}}},"24":{"name":"expandMsgTo96","line":497,"loc":{"start":{"line":497,"column":4},"end":{"line":526,"column":4}}},"25":{"name":"mapToPoint","line":531,"loc":{"start":{"line":531,"column":4},"end":{"line":566,"column":4}}},"26":{"name":"g","line":569,"loc":{"start":{"line":569,"column":4},"end":{"line":571,"column":4}}},"27":{"name":"sgn0","line":574,"loc":{"start":{"line":574,"column":4},"end":{"line":576,"column":4}}},"28":{"name":"legendre","line":581,"loc":{"start":{"line":581,"column":4},"end":{"line":590,"column":4}}},"29":{"name":"modexpLegendre","line":593,"loc":{"start":{"line":593,"column":4},"end":{"line":624,"column":4}}}},"statementMap":{"1":{"start":{"line":83,"column":8},"end":{"line":83,"column":4086}},"2":{"start":{"line":84,"column":12},"end":{"line":84,"column":32}},"3":{"start":{"line":86,"column":12},"end":{"line":86,"column":46}},"4":{"start":{"line":99,"column":8},"end":{"line":99,"column":31}},"5":{"start":{"line":104,"column":8},"end":{"line":104,"column":20}},"6":{"start":{"line":110,"column":8},"end":{"line":110,"column":45}},"7":{"start":{"line":122,"column":8},"end":{"line":122,"column":31}},"8":{"start":{"line":126,"column":8},"end":{"line":126,"column":20}},"9":{"start":{"line":130,"column":8},"end":{"line":130,"column":58}},"10":{"start":{"line":135,"column":8},"end":{"line":135,"column":31}},"11":{"start":{"line":139,"column":8},"end":{"line":139,"column":20}},"12":{"start":{"line":143,"column":8},"end":{"line":143,"column":58}},"13":{"start":{"line":157,"column":8},"end":{"line":157,"column":7161}},"14":{"start":{"line":172,"column":8},"end":{"line":172,"column":29}},"15":{"start":{"line":176,"column":8},"end":{"line":176,"column":41}},"16":{"start":{"line":185,"column":8},"end":{"line":185,"column":8025}},"17":{"start":{"line":187,"column":8},"end":{"line":187,"column":29}},"18":{"start":{"line":191,"column":8},"end":{"line":191,"column":41}},"19":{"start":{"line":205,"column":8},"end":{"line":205,"column":8855}},"20":{"start":{"line":219,"column":8},"end":{"line":219,"column":29}},"21":{"start":{"line":223,"column":8},"end":{"line":223,"column":41}},"22":{"start":{"line":231,"column":8},"end":{"line":231,"column":58}},"23":{"start":{"line":232,"column":8},"end":{"line":232,"column":47}},"24":{"start":{"line":233,"column":8},"end":{"line":233,"column":47}},"25":{"start":{"line":234,"column":8},"end":{"line":234,"column":36}},"26":{"start":{"line":239,"column":8},"end":{"line":239,"column":20}},"27":{"start":{"line":244,"column":8},"end":{"line":244,"column":52}},"28":{"start":{"line":246,"column":8},"end":{"line":246,"column":20}},"29":{"start":{"line":252,"column":8},"end":{"line":252,"column":10472}},"30":{"start":{"line":253,"column":12},"end":{"line":253,"column":24}},"31":{"start":{"line":255,"column":12},"end":{"line":255,"column":37}},"32":{"start":{"line":262,"column":8},"end":{"line":262,"column":10791}},"33":{"start":{"line":263,"column":12},"end":{"line":263,"column":24}},"34":{"start":{"line":265,"column":12},"end":{"line":265,"column":37}},"35":{"start":{"line":272,"column":8},"end":{"line":272,"column":44}},"36":{"start":{"line":287,"column":8},"end":{"line":287,"column":66}},"37":{"start":{"line":324,"column":8},"end":{"line":324,"column":13061}},"38":{"start":{"line":325,"column":12},"end":{"line":325,"column":24}},"39":{"start":{"line":327,"column":8},"end":{"line":327,"column":71}},"40":{"start":{"line":333,"column":8},"end":{"line":333,"column":13421}},"41":{"start":{"line":334,"column":12},"end":{"line":334,"column":24}},"42":{"start":{"line":336,"column":8},"end":{"line":336,"column":103}},"43":{"start":{"line":341,"column":8},"end":{"line":341,"column":57}},"44":{"start":{"line":343,"column":8},"end":{"line":343,"column":17}},"45":{"start":{"line":344,"column":8},"end":{"line":344,"column":17}},"46":{"start":{"line":351,"column":8},"end":{"line":351,"column":46}},"47":{"start":{"line":356,"column":8},"end":{"line":356,"column":38}},"48":{"start":{"line":357,"column":8},"end":{"line":357,"column":36}},"49":{"start":{"line":358,"column":8},"end":{"line":358,"column":36}},"50":{"start":{"line":365,"column":8},"end":{"line":365,"column":16}},"51":{"start":{"line":370,"column":8},"end":{"line":370,"column":58}},"52":{"start":{"line":372,"column":8},"end":{"line":372,"column":18}},"53":{"start":{"line":373,"column":8},"end":{"line":373,"column":18}},"54":{"start":{"line":374,"column":8},"end":{"line":374,"column":18}},"55":{"start":{"line":375,"column":8},"end":{"line":375,"column":18}},"56":{"start":{"line":384,"column":8},"end":{"line":384,"column":42}},"57":{"start":{"line":388,"column":8},"end":{"line":388,"column":39}},"58":{"start":{"line":389,"column":8},"end":{"line":389,"column":40}},"59":{"start":{"line":390,"column":8},"end":{"line":390,"column":40}},"60":{"start":{"line":391,"column":8},"end":{"line":391,"column":40}},"61":{"start":{"line":392,"column":8},"end":{"line":392,"column":40}},"62":{"start":{"line":401,"column":8},"end":{"line":401,"column":16}},"63":{"start":{"line":414,"column":8},"end":{"line":414,"column":35}},"64":{"start":{"line":421,"column":8},"end":{"line":421,"column":58}},"65":{"start":{"line":422,"column":8},"end":{"line":422,"column":18}},"66":{"start":{"line":423,"column":8},"end":{"line":423,"column":18}},"67":{"start":{"line":424,"column":8},"end":{"line":424,"column":18}},"68":{"start":{"line":425,"column":8},"end":{"line":425,"column":18}},"69":{"start":{"line":439,"column":8},"end":{"line":439,"column":23}},"70":{"start":{"line":443,"column":8},"end":{"line":443,"column":58}},"71":{"start":{"line":444,"column":8},"end":{"line":444,"column":18}},"72":{"start":{"line":445,"column":8},"end":{"line":445,"column":18}},"73":{"start":{"line":446,"column":8},"end":{"line":446,"column":18}},"74":{"start":{"line":455,"column":8},"end":{"line":455,"column":17}},"75":{"start":{"line":464,"column":8},"end":{"line":464,"column":38}},"76":{"start":{"line":465,"column":8},"end":{"line":465,"column":17740}},"77":{"start":{"line":468,"column":8},"end":{"line":468,"column":42}},"78":{"start":{"line":469,"column":8},"end":{"line":469,"column":110}},"79":{"start":{"line":470,"column":8},"end":{"line":470,"column":35}},"80":{"start":{"line":472,"column":8},"end":{"line":472,"column":80}},"81":{"start":{"line":473,"column":8},"end":{"line":473,"column":35}},"82":{"start":{"line":474,"column":8},"end":{"line":474,"column":45}},"83":{"start":{"line":475,"column":8},"end":{"line":475,"column":50}},"84":{"start":{"line":476,"column":8},"end":{"line":476,"column":18235}},"85":{"start":{"line":490,"column":8},"end":{"line":490,"column":18}},"86":{"start":{"line":498,"column":8},"end":{"line":498,"column":38}},"87":{"start":{"line":499,"column":8},"end":{"line":499,"column":19086}},"88":{"start":{"line":502,"column":8},"end":{"line":502,"column":42}},"89":{"start":{"line":503,"column":8},"end":{"line":503,"column":112}},"90":{"start":{"line":504,"column":8},"end":{"line":504,"column":35}},"91":{"start":{"line":506,"column":8},"end":{"line":506,"column":80}},"92":{"start":{"line":507,"column":8},"end":{"line":507,"column":35}},"93":{"start":{"line":509,"column":8},"end":{"line":509,"column":40}},"94":{"start":{"line":510,"column":8},"end":{"line":510,"column":23}},"95":{"start":{"line":511,"column":8},"end":{"line":511,"column":19552}},"96":{"start":{"line":525,"column":8},"end":{"line":525,"column":18}},"97":{"start":{"line":532,"column":8},"end":{"line":532,"column":49}},"98":{"start":{"line":534,"column":8},"end":{"line":534,"column":52}},"99":{"start":{"line":535,"column":8},"end":{"line":535,"column":39}},"100":{"start":{"line":537,"column":8},"end":{"line":537,"column":50}},"101":{"start":{"line":538,"column":8},"end":{"line":538,"column":70}},"102":{"start":{"line":539,"column":8},"end":{"line":539,"column":43}},"103":{"start":{"line":540,"column":8},"end":{"line":540,"column":39}},"104":{"start":{"line":541,"column":8},"end":{"line":541,"column":41}},"105":{"start":{"line":542,"column":8},"end":{"line":542,"column":41}},"106":{"start":{"line":543,"column":8},"end":{"line":543,"column":69}},"107":{"start":{"line":545,"column":8},"end":{"line":545,"column":20}},"108":{"start":{"line":546,"column":8},"end":{"line":546,"column":18}},"109":{"start":{"line":547,"column":8},"end":{"line":547,"column":20832}},"110":{"start":{"line":551,"column":12},"end":{"line":551,"column":53}},"111":{"start":{"line":552,"column":15},"end":{"line":552,"column":21017}},"112":{"start":{"line":556,"column":12},"end":{"line":556,"column":53}},"113":{"start":{"line":561,"column":12},"end":{"line":561,"column":53}},"114":{"start":{"line":563,"column":8},"end":{"line":563,"column":21364}},"115":{"start":{"line":570,"column":8},"end":{"line":570,"column":58}},"116":{"start":{"line":575,"column":8},"end":{"line":575,"column":20}},"117":{"start":{"line":582,"column":8},"end":{"line":582,"column":37}},"118":{"start":{"line":583,"column":8},"end":{"line":583,"column":22044}},"119":{"start":{"line":584,"column":12},"end":{"line":584,"column":21}},"120":{"start":{"line":586,"column":8},"end":{"line":586,"column":22103}},"121":{"start":{"line":589,"column":8},"end":{"line":589,"column":30}},"122":{"start":{"line":594,"column":8},"end":{"line":594,"column":43}},"123":{"start":{"line":595,"column":8},"end":{"line":595,"column":20}},"124":{"start":{"line":621,"column":8},"end":{"line":621,"column":23165}}},"branchMap":{"1":{"line":83,"type":"if","locations":[{"start":{"line":83,"column":8},"end":{"line":83,"column":8}},{"start":{"line":83,"column":8},"end":{"line":83,"column":8}}]},"2":{"line":110,"type":"if","locations":[{"start":{"line":110,"column":8},"end":{"line":110,"column":8}},{"start":{"line":110,"column":8},"end":{"line":110,"column":8}}]},"3":{"line":130,"type":"if","locations":[{"start":{"line":130,"column":8},"end":{"line":130,"column":8}},{"start":{"line":130,"column":8},"end":{"line":130,"column":8}}]},"4":{"line":143,"type":"if","locations":[{"start":{"line":143,"column":8},"end":{"line":143,"column":8}},{"start":{"line":143,"column":8},"end":{"line":143,"column":8}}]},"5":{"line":244,"type":"if","locations":[{"start":{"line":244,"column":8},"end":{"line":244,"column":8}},{"start":{"line":244,"column":8},"end":{"line":244,"column":8}}]},"6":{"line":252,"type":"if","locations":[{"start":{"line":252,"column":8},"end":{"line":252,"column":8}},{"start":{"line":252,"column":8},"end":{"line":252,"column":8}}]},"7":{"line":252,"type":"cond-expr","locations":[{"start":{"line":252,"column":12},"end":{"line":252,"column":25}},{"start":{"line":252,"column":30},"end":{"line":252,"column":43}}]},"8":{"line":262,"type":"if","locations":[{"start":{"line":262,"column":8},"end":{"line":262,"column":8}},{"start":{"line":262,"column":8},"end":{"line":262,"column":8}}]},"9":{"line":262,"type":"cond-expr","locations":[{"start":{"line":262,"column":12},"end":{"line":262,"column":28}},{"start":{"line":262,"column":33},"end":{"line":262,"column":49}}]},"10":{"line":262,"type":"cond-expr","locations":[{"start":{"line":262,"column":55},"end":{"line":262,"column":69}},{"start":{"line":262,"column":74},"end":{"line":262,"column":90}}]},"11":{"line":262,"type":"cond-expr","locations":[{"start":{"line":262,"column":12},"end":{"line":262,"column":49}},{"start":{"line":262,"column":54},"end":{"line":262,"column":91}}]},"12":{"line":324,"type":"if","locations":[{"start":{"line":324,"column":8},"end":{"line":324,"column":8}},{"start":{"line":324,"column":8},"end":{"line":324,"column":8}}]},"13":{"line":324,"type":"cond-expr","locations":[{"start":{"line":324,"column":12},"end":{"line":324,"column":30}},{"start":{"line":324,"column":35},"end":{"line":324,"column":53}}]},"14":{"line":333,"type":"if","locations":[{"start":{"line":333,"column":8},"end":{"line":333,"column":8}},{"start":{"line":333,"column":8},"end":{"line":333,"column":8}}]},"15":{"line":333,"type":"cond-expr","locations":[{"start":{"line":333,"column":12},"end":{"line":333,"column":30}},{"start":{"line":333,"column":35},"end":{"line":333,"column":53}}]},"16":{"line":333,"type":"cond-expr","locations":[{"start":{"line":333,"column":59},"end":{"line":333,"column":75}},{"start":{"line":333,"column":80},"end":{"line":333,"column":98}}]},"17":{"line":333,"type":"cond-expr","locations":[{"start":{"line":333,"column":12},"end":{"line":333,"column":53}},{"start":{"line":333,"column":58},"end":{"line":333,"column":99}}]},"18":{"line":341,"type":"if","locations":[{"start":{"line":341,"column":8},"end":{"line":341,"column":8}},{"start":{"line":341,"column":8},"end":{"line":341,"column":8}}]},"19":{"line":370,"type":"if","locations":[{"start":{"line":370,"column":8},"end":{"line":370,"column":8}},{"start":{"line":370,"column":8},"end":{"line":370,"column":8}}]},"20":{"line":465,"type":"if","locations":[{"start":{"line":465,"column":8},"end":{"line":465,"column":8}},{"start":{"line":465,"column":8},"end":{"line":465,"column":8}}]},"21":{"line":499,"type":"if","locations":[{"start":{"line":499,"column":8},"end":{"line":499,"column":8}},{"start":{"line":499,"column":8},"end":{"line":499,"column":8}}]},"22":{"line":532,"type":"if","locations":[{"start":{"line":532,"column":8},"end":{"line":532,"column":8}},{"start":{"line":532,"column":8},"end":{"line":532,"column":8}}]},"23":{"line":547,"type":"if","locations":[{"start":{"line":547,"column":8},"end":{"line":547,"column":8}},{"start":{"line":547,"column":8},"end":{"line":547,"column":8}}]},"24":{"line":551,"type":"if","locations":[{"start":{"line":551,"column":12},"end":{"line":551,"column":12}},{"start":{"line":551,"column":12},"end":{"line":551,"column":12}}]},"25":{"line":552,"type":"if","locations":[{"start":{"line":552,"column":15},"end":{"line":552,"column":15}},{"start":{"line":552,"column":15},"end":{"line":552,"column":15}}]},"26":{"line":556,"type":"if","locations":[{"start":{"line":556,"column":12},"end":{"line":556,"column":12}},{"start":{"line":556,"column":12},"end":{"line":556,"column":12}}]},"27":{"line":561,"type":"if","locations":[{"start":{"line":561,"column":12},"end":{"line":561,"column":12}},{"start":{"line":561,"column":12},"end":{"line":561,"column":12}}]},"28":{"line":563,"type":"if","locations":[{"start":{"line":563,"column":8},"end":{"line":563,"column":8}},{"start":{"line":563,"column":8},"end":{"line":563,"column":8}}]},"29":{"line":583,"type":"if","locations":[{"start":{"line":583,"column":8},"end":{"line":583,"column":8}},{"start":{"line":583,"column":8},"end":{"line":583,"column":8}}]},"30":{"line":586,"type":"if","locations":[{"start":{"line":586,"column":8},"end":{"line":586,"column":8}},{"start":{"line":586,"column":8},"end":{"line":586,"column":8}}]},"31":{"line":621,"type":"if","locations":[{"start":{"line":621,"column":8},"end":{"line":621,"column":8}},{"start":{"line":621,"column":8},"end":{"line":621,"column":8}}]}}},"src/libraries/BytesLib.sol":{"l":{"12":0,"19":0,"20":0,"21":0,"24":0,"38":0,"39":0,"40":0,"48":0,"49":0,"55":8,"56":8,"57":8,"58":8,"59":8,"60":256,"61":256,"63":8},"path":"/Users/nemitariajienka/Desktop/projects/onlysubs-solidity/src/libraries/BytesLib.sol","s":{"1":0,"2":0,"3":0,"4":0,"5":0,"6":0,"7":0,"8":0,"9":0,"10":0,"11":8,"12":8,"13":8,"14":8},"b":{"1":[0,0],"2":[0,0],"3":[0,0]},"f":{"1":0,"2":0,"3":0,"4":0,"5":8},"fnMap":{"1":{"name":"isEmpty","line":11,"loc":{"start":{"line":11,"column":4},"end":{"line":13,"column":4}}},"2":{"name":"isAllZero","line":18,"loc":{"start":{"line":18,"column":4},"end":{"line":25,"column":4}}},"3":{"name":"isLengthWithinBounds","line":33,"loc":{"start":{"line":33,"column":4},"end":{"line":41,"column":4}}},"4":{"name":"decodeBytesToUint","line":47,"loc":{"start":{"line":47,"column":4},"end":{"line":50,"column":4}}},"5":{"name":"toHexString","line":54,"loc":{"start":{"line":54,"column":4},"end":{"line":64,"column":4}}}},"statementMap":{"1":{"start":{"line":12,"column":8},"end":{"line":12,"column":31}},"2":{"start":{"line":19,"column":8},"end":{"line":19,"column":748}},"3":{"start":{"line":20,"column":12},"end":{"line":20,"column":808}},"4":{"start":{"line":21,"column":16},"end":{"line":21,"column":28}},"5":{"start":{"line":24,"column":8},"end":{"line":24,"column":19}},"6":{"start":{"line":38,"column":8},"end":{"line":38,"column":100}},"7":{"start":{"line":39,"column":8},"end":{"line":39,"column":40}},"8":{"start":{"line":40,"column":8},"end":{"line":40,"column":65}},"9":{"start":{"line":48,"column":8},"end":{"line":48,"column":72}},"10":{"start":{"line":49,"column":8},"end":{"line":49,"column":42}},"11":{"start":{"line":55,"column":8},"end":{"line":55,"column":50}},"12":{"start":{"line":56,"column":8},"end":{"line":56,"column":44}},"13":{"start":{"line":59,"column":8},"end":{"line":59,"column":2607}},"14":{"start":{"line":63,"column":8},"end":{"line":63,"column":26}}},"branchMap":{"1":{"line":20,"type":"if","locations":[{"start":{"line":20,"column":12},"end":{"line":20,"column":12}},{"start":{"line":20,"column":12},"end":{"line":20,"column":12}}]},"2":{"line":38,"type":"if","locations":[{"start":{"line":38,"column":8},"end":{"line":38,"column":8}},{"start":{"line":38,"column":8},"end":{"line":38,"column":8}}]},"3":{"line":48,"type":"if","locations":[{"start":{"line":48,"column":8},"end":{"line":48,"column":8}},{"start":{"line":48,"column":8},"end":{"line":48,"column":8}}]}}},"src/libraries/ErrorsLib.sol":{"l":{},"path":"/Users/nemitariajienka/Desktop/projects/onlysubs-solidity/src/libraries/ErrorsLib.sol","s":{},"b":{},"f":{},"fnMap":{},"statementMap":{},"branchMap":{}},"src/libraries/ModExp.sol":{"l":{"8":0,"38":24,"360":24},"path":"/Users/nemitariajienka/Desktop/projects/onlysubs-solidity/src/libraries/ModExp.sol","s":{},"b":{},"f":{"1":0,"2":24,"3":24},"fnMap":{"1":{"name":"modExp","line":7,"loc":{"start":{"line":7,"column":4},"end":{"line":24,"column":4}}},"2":{"name":"run","line":37,"loc":{"start":{"line":37,"column":4},"end":{"line":349,"column":4}}},"3":{"name":"run","line":359,"loc":{"start":{"line":359,"column":4},"end":{"line":669,"column":4}}}},"statementMap":{},"branchMap":{}},"src/mocks/ERC20FaucetToken.sol":{"l":{"22":0,"23":0,"28":0,"30":0,"31":0,"35":0,"39":0,"44":0,"48":0},"path":"/Users/nemitariajienka/Desktop/projects/onlysubs-solidity/src/mocks/ERC20FaucetToken.sol","s":{"1":0,"2":0,"3":0,"4":0,"5":0,"6":0},"b":{"1":[0,0]},"f":{"1":0,"2":0,"3":0,"4":0,"5":0,"6":0},"fnMap":{"1":{"name":"constructor","line":20,"loc":{"start":{"line":18,"column":4},"end":{"line":24,"column":4}}},"2":{"name":"mint","line":27,"loc":{"start":{"line":27,"column":4},"end":{"line":32,"column":4}}},"3":{"name":"burn","line":34,"loc":{"start":{"line":34,"column":4},"end":{"line":36,"column":4}}},"4":{"name":"decimals","line":38,"loc":{"start":{"line":38,"column":4},"end":{"line":40,"column":4}}},"5":{"name":"_update","line":43,"loc":{"start":{"line":43,"column":4},"end":{"line":45,"column":4}}},"6":{"name":"nonces","line":47,"loc":{"start":{"line":47,"column":4},"end":{"line":49,"column":4}}}},"statementMap":{"1":{"start":{"line":28,"column":8},"end":{"line":28,"column":107}},"2":{"start":{"line":31,"column":8},"end":{"line":31,"column":38}},"3":{"start":{"line":35,"column":8},"end":{"line":35,"column":29}},"4":{"start":{"line":39,"column":8},"end":{"line":39,"column":24}},"5":{"start":{"line":44,"column":8},"end":{"line":44,"column":38}},"6":{"start":{"line":48,"column":8},"end":{"line":48,"column":34}}},"branchMap":{"1":{"line":28,"type":"if","locations":[{"start":{"line":28,"column":8},"end":{"line":28,"column":8}},{"start":{"line":28,"column":8},"end":{"line":28,"column":8}}]}}},"src/mocks/ERC20Token.sol":{"l":{"16":16,"20":8,"24":0,"28":0,"34":18,"38":0},"path":"/Users/nemitariajienka/Desktop/projects/onlysubs-solidity/src/mocks/ERC20Token.sol","s":{"1":8,"2":0,"3":0,"4":18,"5":0},"b":{},"f":{"1":16,"2":8,"3":0,"4":0,"5":18,"6":0},"fnMap":{"1":{"name":"constructor","line":15,"loc":{"start":{"line":15,"column":4},"end":{"line":17,"column":4}}},"2":{"name":"mint","line":19,"loc":{"start":{"line":19,"column":4},"end":{"line":21,"column":4}}},"3":{"name":"burn","line":23,"loc":{"start":{"line":23,"column":4},"end":{"line":25,"column":4}}},"4":{"name":"decimals","line":27,"loc":{"start":{"line":27,"column":4},"end":{"line":29,"column":4}}},"5":{"name":"_update","line":33,"loc":{"start":{"line":33,"column":4},"end":{"line":35,"column":4}}},"6":{"name":"nonces","line":37,"loc":{"start":{"line":37,"column":4},"end":{"line":39,"column":4}}}},"statementMap":{"1":{"start":{"line":20,"column":8},"end":{"line":20,"column":29}},"2":{"start":{"line":24,"column":8},"end":{"line":24,"column":29}},"3":{"start":{"line":28,"column":8},"end":{"line":28,"column":24}},"4":{"start":{"line":34,"column":8},"end":{"line":34,"column":38}},"5":{"start":{"line":38,"column":8},"end":{"line":38,"column":34}}},"branchMap":{}},"src/Router.sol":{"l":{"67":8,"68":8,"83":4,"84":4,"86":4,"87":4,"89":4,"92":4,"93":4,"95":4,"98":4,"99":4,"101":4,"103":4,"105":4,"109":1,"110":1,"111":1,"112":1,"117":1,"120":1,"121":1,"125":1,"128":1,"129":1,"132":1,"145":5,"146":3,"147":3,"149":3,"151":3,"153":3,"162":3,"170":1,"171":1,"173":1,"175":1,"176":1,"181":1,"182":1,"183":1,"185":1,"187":1,"189":1,"200":6,"212":6,"213":6,"214":6,"227":4,"243":4,"244":4,"249":0,"256":5,"257":5,"262":4,"280":12,"284":0,"288":0,"292":0,"296":3,"300":0,"304":0,"308":1,"312":9,"316":2,"320":2,"328":0,"329":0,"330":0,"336":0,"337":0,"343":8,"344":8,"350":0,"351":0,"359":8,"360":8,"361":8,"368":1,"369":1,"370":1,"371":1,"378":0,"379":0},"path":"/Users/nemitariajienka/Desktop/projects/onlysubs-solidity/src/Router.sol","s":{"1":4,"2":4,"3":4,"4":4,"5":4,"6":4,"7":4,"8":4,"9":4,"10":4,"11":1,"12":1,"13":1,"14":1,"15":1,"16":1,"17":1,"18":1,"19":5,"20":3,"21":3,"22":3,"23":3,"24":3,"25":1,"26":1,"27":1,"28":1,"29":1,"30":1,"31":1,"32":1,"33":1,"34":1,"35":6,"36":4,"37":0,"38":5,"39":0,"40":5,"41":4,"42":12,"43":0,"44":0,"45":0,"46":0,"47":0,"48":1,"49":9,"50":2,"51":2,"52":0,"53":0,"54":0,"55":8,"56":0,"57":8,"58":8,"59":1,"60":1,"61":1,"62":0,"63":0},"b":{"1":[4,0],"2":[4,0],"3":[1,0],"4":[1,0],"5":[1,0],"6":[3,2],"7":[3,0],"8":[3,0],"9":[1,0],"10":[1,0],"11":[1,0],"12":[1,0],"13":[0,5],"14":[0,0],"15":[0,0],"16":[0,0],"17":[8,0],"18":[0,0],"19":[8,0],"20":[8,0],"21":[1,1]},"f":{"1":8,"2":4,"3":1,"4":5,"5":1,"6":6,"7":4,"8":4,"9":0,"10":5,"11":4,"12":12,"13":0,"14":0,"15":0,"16":3,"17":0,"18":0,"19":1,"20":9,"21":2,"22":2,"23":0,"24":0,"25":8,"26":0,"27":8,"28":1,"29":0},"fnMap":{"1":{"name":"constructor","line":66,"loc":{"start":{"line":66,"column":4},"end":{"line":69,"column":4}}},"2":{"name":"requestCrossChainSwap","line":79,"loc":{"start":{"line":79,"column":4},"end":{"line":106,"column":4}}},"3":{"name":"updateFeesIfUnfulfilled","line":108,"loc":{"start":{"line":108,"column":4},"end":{"line":133,"column":4}}},"4":{"name":"relayTokens","line":142,"loc":{"start":{"line":142,"column":4},"end":{"line":163,"column":4}}},"5":{"name":"rebalanceSolver","line":169,"loc":{"start":{"line":169,"column":4},"end":{"line":190,"column":4}}},"6":{"name":"transferParamsToBytes","line":195,"loc":{"start":{"line":195,"column":4},"end":{"line":215,"column":4}}},"7":{"name":"buildTransferParams","line":218,"loc":{"start":{"line":218,"column":4},"end":{"line":239,"column":4}}},"8":{"name":"storeTransferRequest","line":242,"loc":{"start":{"line":242,"column":4},"end":{"line":245,"column":4}}},"9":{"name":"isEqual","line":248,"loc":{"start":{"line":248,"column":4},"end":{"line":252,"column":4}}},"10":{"name":"getSwapFeeAmount","line":255,"loc":{"start":{"line":255,"column":4},"end":{"line":258,"column":4}}},"11":{"name":"getRequestId","line":261,"loc":{"start":{"line":261,"column":4},"end":{"line":276,"column":4}}},"12":{"name":"getChainID","line":279,"loc":{"start":{"line":279,"column":4},"end":{"line":281,"column":4}}},"13":{"name":"getSwapFeeBps","line":283,"loc":{"start":{"line":283,"column":4},"end":{"line":285,"column":4}}},"14":{"name":"getThisChainId","line":287,"loc":{"start":{"line":287,"column":4},"end":{"line":289,"column":4}}},"15":{"name":"getBlsValidator","line":291,"loc":{"start":{"line":291,"column":4},"end":{"line":293,"column":4}}},"16":{"name":"getTransferParameters","line":295,"loc":{"start":{"line":295,"column":4},"end":{"line":297,"column":4}}},"17":{"name":"getAllowedDstChainId","line":299,"loc":{"start":{"line":299,"column":4},"end":{"line":301,"column":4}}},"18":{"name":"getTokenMapping","line":303,"loc":{"start":{"line":303,"column":4},"end":{"line":305,"column":4}}},"19":{"name":"getTotalSwapFeesBalance","line":307,"loc":{"start":{"line":307,"column":4},"end":{"line":309,"column":4}}},"20":{"name":"getFulfilledTransfers","line":311,"loc":{"start":{"line":311,"column":4},"end":{"line":313,"column":4}}},"21":{"name":"getUnfulfilledSolverRefunds","line":315,"loc":{"start":{"line":315,"column":4},"end":{"line":317,"column":4}}},"22":{"name":"getFulfilledSolverRefunds","line":319,"loc":{"start":{"line":319,"column":4},"end":{"line":321,"column":4}}},"23":{"name":"setSwapFeeBps","line":327,"loc":{"start":{"line":327,"column":4},"end":{"line":331,"column":4}}},"24":{"name":"setBlsValidator","line":335,"loc":{"start":{"line":335,"column":4},"end":{"line":338,"column":4}}},"25":{"name":"permitDestinationChainId","line":342,"loc":{"start":{"line":342,"column":4},"end":{"line":345,"column":4}}},"26":{"name":"blockDestinationChainId","line":349,"loc":{"start":{"line":349,"column":4},"end":{"line":352,"column":4}}},"27":{"name":"setTokenMapping","line":358,"loc":{"start":{"line":358,"column":4},"end":{"line":362,"column":4}}},"28":{"name":"withdrawSwapFees","line":367,"loc":{"start":{"line":367,"column":4},"end":{"line":372,"column":4}}},"29":{"name":"getReceipt","line":377,"loc":{"start":{"line":377,"column":4},"end":{"line":387,"column":4}}}},"statementMap":{"1":{"start":{"line":83,"column":8},"end":{"line":83,"column":50}},"2":{"start":{"line":84,"column":8},"end":{"line":84,"column":93}},"3":{"start":{"line":86,"column":8},"end":{"line":86,"column":53}},"4":{"start":{"line":87,"column":8},"end":{"line":87,"column":47}},"5":{"start":{"line":92,"column":8},"end":{"line":92,"column":38}},"6":{"start":{"line":95,"column":8},"end":{"line":95,"column":3928}},"7":{"start":{"line":98,"column":8},"end":{"line":98,"column":64}},"8":{"start":{"line":101,"column":8},"end":{"line":101,"column":46}},"9":{"start":{"line":103,"column":8},"end":{"line":103,"column":78}},"10":{"start":{"line":105,"column":8},"end":{"line":105,"column":46}},"11":{"start":{"line":109,"column":8},"end":{"line":109,"column":69}},"12":{"start":{"line":110,"column":8},"end":{"line":110,"column":62}},"13":{"start":{"line":111,"column":8},"end":{"line":111,"column":75}},"14":{"start":{"line":112,"column":8},"end":{"line":112,"column":4571}},"15":{"start":{"line":117,"column":8},"end":{"line":117,"column":117}},"16":{"start":{"line":120,"column":8},"end":{"line":120,"column":59}},"17":{"start":{"line":121,"column":8},"end":{"line":121,"column":56}},"18":{"start":{"line":132,"column":8},"end":{"line":132,"column":91}},"19":{"start":{"line":145,"column":8},"end":{"line":145,"column":76}},"20":{"start":{"line":146,"column":8},"end":{"line":146,"column":99}},"21":{"start":{"line":147,"column":8},"end":{"line":147,"column":50}},"22":{"start":{"line":149,"column":8},"end":{"line":149,"column":40}},"23":{"start":{"line":151,"column":8},"end":{"line":151,"column":68}},"24":{"start":{"line":162,"column":8},"end":{"line":162,"column":69}},"25":{"start":{"line":170,"column":8},"end":{"line":170,"column":69}},"26":{"start":{"line":171,"column":8},"end":{"line":171,"column":62}},"27":{"start":{"line":173,"column":8},"end":{"line":173,"column":113}},"28":{"start":{"line":175,"column":8},"end":{"line":175,"column":74}},"29":{"start":{"line":176,"column":8},"end":{"line":176,"column":7552}},"30":{"start":{"line":181,"column":8},"end":{"line":181,"column":44}},"31":{"start":{"line":182,"column":8},"end":{"line":182,"column":49}},"32":{"start":{"line":185,"column":8},"end":{"line":185,"column":63}},"33":{"start":{"line":187,"column":8},"end":{"line":187,"column":62}},"34":{"start":{"line":189,"column":8},"end":{"line":189,"column":44}},"35":{"start":{"line":212,"column":8},"end":{"line":212,"column":66}},"36":{"start":{"line":244,"column":8},"end":{"line":244,"column":46}},"37":{"start":{"line":249,"column":8},"end":{"line":249,"column":10134}},"38":{"start":{"line":256,"column":8},"end":{"line":256,"column":37}},"39":{"start":{"line":256,"column":29},"end":{"line":256,"column":37}},"40":{"start":{"line":257,"column":8},"end":{"line":257,"column":50}},"41":{"start":{"line":262,"column":8},"end":{"line":262,"column":10766}},"42":{"start":{"line":280,"column":8},"end":{"line":280,"column":28}},"43":{"start":{"line":284,"column":8},"end":{"line":284,"column":25}},"44":{"start":{"line":288,"column":8},"end":{"line":288,"column":26}},"45":{"start":{"line":292,"column":8},"end":{"line":292,"column":36}},"46":{"start":{"line":300,"column":8},"end":{"line":300,"column":42}},"47":{"start":{"line":304,"column":8},"end":{"line":304,"column":50}},"48":{"start":{"line":308,"column":8},"end":{"line":308,"column":42}},"49":{"start":{"line":312,"column":8},"end":{"line":312,"column":42}},"50":{"start":{"line":316,"column":8},"end":{"line":316,"column":48}},"51":{"start":{"line":320,"column":8},"end":{"line":320,"column":46}},"52":{"start":{"line":328,"column":8},"end":{"line":328,"column":89}},"53":{"start":{"line":330,"column":8},"end":{"line":330,"column":42}},"54":{"start":{"line":337,"column":8},"end":{"line":337,"column":55}},"55":{"start":{"line":344,"column":8},"end":{"line":344,"column":49}},"56":{"start":{"line":351,"column":8},"end":{"line":351,"column":47}},"57":{"start":{"line":359,"column":8},"end":{"line":359,"column":100}},"58":{"start":{"line":361,"column":8},"end":{"line":361,"column":64}},"59":{"start":{"line":368,"column":8},"end":{"line":368,"column":52}},"60":{"start":{"line":370,"column":8},"end":{"line":370,"column":45}},"61":{"start":{"line":371,"column":8},"end":{"line":371,"column":49}},"62":{"start":{"line":378,"column":8},"end":{"line":378,"column":61}},"63":{"start":{"line":379,"column":8},"end":{"line":379,"column":15185}}},"branchMap":{"1":{"line":83,"type":"if","locations":[{"start":{"line":83,"column":8},"end":{"line":83,"column":8}},{"start":{"line":83,"column":8},"end":{"line":83,"column":8}}]},"2":{"line":84,"type":"if","locations":[{"start":{"line":84,"column":8},"end":{"line":84,"column":8}},{"start":{"line":84,"column":8},"end":{"line":84,"column":8}}]},"3":{"line":110,"type":"if","locations":[{"start":{"line":110,"column":8},"end":{"line":110,"column":8}},{"start":{"line":110,"column":8},"end":{"line":110,"column":8}}]},"4":{"line":111,"type":"if","locations":[{"start":{"line":111,"column":8},"end":{"line":111,"column":8}},{"start":{"line":111,"column":8},"end":{"line":111,"column":8}}]},"5":{"line":112,"type":"if","locations":[{"start":{"line":112,"column":8},"end":{"line":112,"column":8}},{"start":{"line":112,"column":8},"end":{"line":112,"column":8}}]},"6":{"line":145,"type":"if","locations":[{"start":{"line":145,"column":8},"end":{"line":145,"column":8}},{"start":{"line":145,"column":8},"end":{"line":145,"column":8}}]},"7":{"line":146,"type":"if","locations":[{"start":{"line":146,"column":8},"end":{"line":146,"column":8}},{"start":{"line":146,"column":8},"end":{"line":146,"column":8}}]},"8":{"line":147,"type":"if","locations":[{"start":{"line":147,"column":8},"end":{"line":147,"column":8}},{"start":{"line":147,"column":8},"end":{"line":147,"column":8}}]},"9":{"line":169,"type":"if","locations":[{"start":{"line":169,"column":99},"end":{"line":169,"column":99}},{"start":{"line":169,"column":99},"end":{"line":169,"column":99}}]},"10":{"line":171,"type":"if","locations":[{"start":{"line":171,"column":8},"end":{"line":171,"column":8}},{"start":{"line":171,"column":8},"end":{"line":171,"column":8}}]},"11":{"line":173,"type":"if","locations":[{"start":{"line":173,"column":8},"end":{"line":173,"column":8}},{"start":{"line":173,"column":8},"end":{"line":173,"column":8}}]},"12":{"line":176,"type":"if","locations":[{"start":{"line":176,"column":8},"end":{"line":176,"column":8}},{"start":{"line":176,"column":8},"end":{"line":176,"column":8}}]},"13":{"line":256,"type":"if","locations":[{"start":{"line":256,"column":8},"end":{"line":256,"column":8}},{"start":{"line":256,"column":8},"end":{"line":256,"column":8}}]},"14":{"line":327,"type":"if","locations":[{"start":{"line":327,"column":57},"end":{"line":327,"column":57}},{"start":{"line":327,"column":57},"end":{"line":327,"column":57}}]},"15":{"line":328,"type":"if","locations":[{"start":{"line":328,"column":8},"end":{"line":328,"column":8}},{"start":{"line":328,"column":8},"end":{"line":328,"column":8}}]},"16":{"line":335,"type":"if","locations":[{"start":{"line":335,"column":61},"end":{"line":335,"column":61}},{"start":{"line":335,"column":61},"end":{"line":335,"column":61}}]},"17":{"line":342,"type":"if","locations":[{"start":{"line":342,"column":64},"end":{"line":342,"column":64}},{"start":{"line":342,"column":64},"end":{"line":342,"column":64}}]},"18":{"line":349,"type":"if","locations":[{"start":{"line":349,"column":63},"end":{"line":349,"column":63}},{"start":{"line":349,"column":63},"end":{"line":349,"column":63}}]},"19":{"line":358,"type":"if","locations":[{"start":{"line":358,"column":94},"end":{"line":358,"column":94}},{"start":{"line":358,"column":94},"end":{"line":358,"column":94}}]},"20":{"line":359,"type":"if","locations":[{"start":{"line":359,"column":8},"end":{"line":359,"column":8}},{"start":{"line":359,"column":8},"end":{"line":359,"column":8}}]},"21":{"line":367,"type":"if","locations":[{"start":{"line":367,"column":66},"end":{"line":367,"column":66}},{"start":{"line":367,"column":66},"end":{"line":367,"column":66}}]}}},"src/signature-scheme/BN254SignatureScheme.sol":{"l":{"26":8,"28":8,"44":1,"46":1,"48":1,"51":1,"52":1,"59":12,"60":12,"68":6,"69":6,"76":1,"83":0,"90":8},"path":"/Users/nemitariajienka/Desktop/projects/onlysubs-solidity/src/signature-scheme/BN254SignatureScheme.sol","s":{"1":1,"2":1,"3":1,"4":1,"5":1,"6":12,"7":12,"8":6,"9":6,"10":1,"11":0},"b":{},"f":{"1":8,"2":1,"3":12,"4":6,"5":1,"6":0,"7":8},"fnMap":{"1":{"name":"constructor","line":25,"loc":{"start":{"line":25,"column":4},"end":{"line":31,"column":4}}},"2":{"name":"verifySignature","line":38,"loc":{"start":{"line":38,"column":4},"end":{"line":53,"column":4}}},"3":{"name":"hashToPoint","line":58,"loc":{"start":{"line":58,"column":4},"end":{"line":61,"column":4}}},"4":{"name":"hashToBytes","line":67,"loc":{"start":{"line":67,"column":4},"end":{"line":70,"column":4}}},"5":{"name":"getPublicKeyBytes","line":75,"loc":{"start":{"line":75,"column":4},"end":{"line":77,"column":4}}},"6":{"name":"getPublicKey","line":82,"loc":{"start":{"line":82,"column":4},"end":{"line":84,"column":4}}},"7":{"name":"getChainId","line":89,"loc":{"start":{"line":89,"column":4},"end":{"line":93,"column":4}}}},"statementMap":{"1":{"start":{"line":44,"column":8},"end":{"line":44,"column":62}},"2":{"start":{"line":46,"column":8},"end":{"line":46,"column":66}},"3":{"start":{"line":48,"column":8},"end":{"line":48,"column":67}},"4":{"start":{"line":51,"column":8},"end":{"line":51,"column":100}},"5":{"start":{"line":52,"column":8},"end":{"line":52,"column":44}},"6":{"start":{"line":59,"column":8},"end":{"line":59,"column":64}},"7":{"start":{"line":60,"column":8},"end":{"line":60,"column":33}},"8":{"start":{"line":68,"column":8},"end":{"line":68,"column":53}},"9":{"start":{"line":69,"column":8},"end":{"line":69,"column":55}},"10":{"start":{"line":76,"column":8},"end":{"line":76,"column":39}},"11":{"start":{"line":83,"column":8},"end":{"line":83,"column":41}}},"branchMap":{}}}